Downloading current data 2021-03-21 23:36:02.288218+05:30
status200,zip file EQ210321_CSV.ZIP
exception is  [Errno 2] No such file or directory: './bhavcopyapp/files/EQ210321_CSV.ZIP'
Downloading current data 2021-03-21 23:37:03.169977+05:30
status200,zip file EQ210321_CSV.ZIP
exception is  [Errno 2] No such file or directory: './bhavcopyapp/files/EQ210321_CSV.ZIP'
Downloading current data 2021-03-21 23:38:02.895419+05:30
status200,zip file EQ210321_CSV.ZIP
exception is  [Errno 2] No such file or directory: './bhavcopyapp/files/EQ210321_CSV.ZIP'
Downloading current data 2021-03-21 23:39:02.707635+05:30
status200,zip file EQ210321_CSV.ZIP
exception is  [Errno 2] No such file or directory: './bhavcopyapp/files/EQ210321_CSV.ZIP'
Downloading current data 2021-03-21 23:40:03.176107+05:30
status200,zip file EQ210321_CSV.ZIP
exception is  [Errno 2] No such file or directory: './bhavcopyapp/files/EQ210321_CSV.ZIP'
Downloading current data 2021-03-21 23:41:02.568958+05:30
status200,zip file EQ210321_CSV.ZIP
exception is  [Errno 2] No such file or directory: './bhavcopyapp/files/EQ210321_CSV.ZIP'
Downloading current data 2021-03-21 23:42:02.266274+05:30
status200,zip file EQ210321_CSV.ZIP
exception is  [Errno 2] No such file or directory: './bhavcopyapp/files/EQ210321_CSV.ZIP'
Downloading current data 2021-03-21 23:43:03.139183+05:30
status200,zip file EQ210321_CSV.ZIP
exception is  [Errno 2] No such file or directory: './bhavcopyapp/files/EQ210321_CSV.ZIP'
Downloading current data 2021-03-21 23:44:03.363991+05:30
status200,zip file EQ210321_CSV.ZIP
exception is  [Errno 2] No such file or directory: './bhavcopyapp/files/EQ210321_CSV.ZIP'
Downloading current data 2021-03-21 23:45:02.836091+05:30
status200,zip file EQ210321_CSV.ZIP
exception is  [Errno 2] No such file or directory: './bhavcopyapp/files/EQ210321_CSV.ZIP'
Downloading current data 2021-03-21 23:46:02.886725+05:30
status200,zip file EQ210321_CSV.ZIP
exception is  [Errno 2] No such file or directory: './bhavcopyapp/files/EQ210321_CSV.ZIP'
Downloading current data 2021-03-21 23:47:02.496702+05:30
status200,zip file EQ210321_CSV.ZIP
exception is  [Errno 2] No such file or directory: './bhavcopyapp/files/EQ210321_CSV.ZIP'
Downloading current data 2021-03-21 23:48:01.957879+05:30
status200,zip file EQ210321_CSV.ZIP
exception is  [Errno 2] No such file or directory: './bhavcopyapp/files/EQ210321_CSV.ZIP'
Downloading current data 2021-03-21 23:49:02.425242+05:30
status200,zip file EQ210321_CSV.ZIP
exception is  [Errno 2] No such file or directory: './bhavcopyapp/files/EQ210321_CSV.ZIP'
Downloading current data 2021-03-21 23:50:01.988111+05:30
status200,zip file EQ210321_CSV.ZIP
exception is  [Errno 2] No such file or directory: './bhavcopyapp/files/EQ210321_CSV.ZIP'
Downloading current data 2021-03-21 23:51:02.420896+05:30
status200,zip file EQ210321_CSV.ZIP
exception is  [Errno 2] No such file or directory: './bhavcopyapp/files/EQ210321_CSV.ZIP'
Downloading current data 2021-03-21 23:52:02.412274+05:30
status200,zip file EQ210321_CSV.ZIP
exception is  [Errno 2] No such file or directory: './bhavcopyapp/files/EQ210321_CSV.ZIP'
Downloading current data 2021-03-21 23:53:02.861374+05:30
status200,zip file EQ210321_CSV.ZIP
exception is  [Errno 2] No such file or directory: './bhavcopyapp/files/EQ210321_CSV.ZIP'
Downloading current data 2021-03-21 23:54:02.679322+05:30
status200,zip file EQ210321_CSV.ZIP
exception is  [Errno 2] No such file or directory: './bhavcopyapp/files/EQ210321_CSV.ZIP'
Downloading current data 2021-03-21 23:55:02.036517+05:30
status200,zip file EQ210321_CSV.ZIP
exception is  [Errno 2] No such file or directory: './bhavcopyapp/files/EQ210321_CSV.ZIP'
Downloading current data 2021-03-21 23:56:02.441521+05:30
status200,zip file EQ210321_CSV.ZIP
exception is  [Errno 2] No such file or directory: './bhavcopyapp/files/EQ210321_CSV.ZIP'
Downloading current data 2021-03-21 23:57:01.926884+05:30
status200,zip file EQ210321_CSV.ZIP
exception is  [Errno 2] No such file or directory: './bhavcopyapp/files/EQ210321_CSV.ZIP'
Downloading current data 2021-03-21 23:58:02.326887+05:30
status200,zip file EQ210321_CSV.ZIP
exception is  [Errno 2] No such file or directory: './bhavcopyapp/files/EQ210321_CSV.ZIP'
Downloading current data 2021-03-21 23:59:02.702881+05:30
status200,zip file EQ210321_CSV.ZIP
exception is  [Errno 2] No such file or directory: './bhavcopyapp/files/EQ210321_CSV.ZIP'
Downloading current data 2021-03-22 00:00:02.222409+05:30
Still data is not available for 2021-03-22 00:00:02.222409+05:30
Downloading current data 2021-03-22 00:01:02.655664+05:30
Still data is not available for 2021-03-22 00:01:02.655664+05:30
Downloading current data 2021-03-22 00:02:02.217561+05:30
Still data is not available for 2021-03-22 00:02:02.217561+05:30
Downloading current data 2021-03-22 00:03:02.582684+05:30
Still data is not available for 2021-03-22 00:03:02.582684+05:30
Downloading current data 2021-03-22 00:04:02.032843+05:30
Still data is not available for 2021-03-22 00:04:02.032843+05:30
Downloading current data 2021-03-22 00:05:02.411684+05:30
Still data is not available for 2021-03-22 00:05:02.411684+05:30
Downloading current data 2021-03-22 00:06:02.933858+05:30
Still data is not available for 2021-03-22 00:06:02.933858+05:30
Downloading current data 2021-03-22 00:07:02.566486+05:30
Still data is not available for 2021-03-22 00:07:02.566486+05:30
Downloading current data 2021-03-22 00:08:02.243976+05:30
Still data is not available for 2021-03-22 00:08:02.243976+05:30
Downloading current data 2021-03-22 00:09:02.570178+05:30
Still data is not available for 2021-03-22 00:09:02.570178+05:30
Downloading current data 2021-03-22 00:10:02.143335+05:30
Still data is not available for 2021-03-22 00:10:02.143335+05:30
Downloading current data 2021-03-22 00:11:02.562170+05:30
Still data is not available for 2021-03-22 00:11:02.562170+05:30
Downloading current data 2021-03-22 00:12:01.984435+05:30
Still data is not available for 2021-03-22 00:12:01.984435+05:30
Downloading current data 2021-03-22 00:13:02.367809+05:30
Still data is not available for 2021-03-22 00:13:02.367809+05:30
Downloading current data 2021-03-22 00:14:02.789398+05:30
Still data is not available for 2021-03-22 00:14:02.789398+05:30
Downloading current data 2021-03-22 00:15:02.203096+05:30
Still data is not available for 2021-03-22 00:15:02.203096+05:30
Downloading current data 2021-03-22 00:16:02.582391+05:30
Still data is not available for 2021-03-22 00:16:02.582391+05:30
Downloading current data 2021-03-22 00:17:01.958696+05:30
Still data is not available for 2021-03-22 00:17:01.958696+05:30
Downloading current data 2021-03-22 00:18:02.365105+05:30
Still data is not available for 2021-03-22 00:18:02.365105+05:30
Downloading current data 2021-03-22 00:19:02.721465+05:30
Still data is not available for 2021-03-22 00:19:02.721465+05:30
Downloading current data 2021-03-22 00:20:02.165511+05:30
Still data is not available for 2021-03-22 00:20:02.165511+05:30
Downloading current data 2021-03-22 00:21:02.483056+05:30
Still data is not available for 2021-03-22 00:21:02.483056+05:30
Downloading current data 2021-03-22 00:22:01.921573+05:30
Still data is not available for 2021-03-22 00:22:01.921573+05:30
Downloading current data 2021-03-22 00:23:02.293334+05:30
Still data is not available for 2021-03-22 00:23:02.293334+05:30
Downloading current data 2021-03-22 00:24:02.642215+05:30
Still data is not available for 2021-03-22 00:24:02.642215+05:30
Downloading current data 2021-03-22 00:25:02.131510+05:30
Still data is not available for 2021-03-22 00:25:02.131510+05:30
Downloading current data 2021-03-22 00:26:02.461619+05:30
Still data is not available for 2021-03-22 00:26:02.461619+05:30
Starting download
Downloading current data 2021-03-22 00:44:02.014673+05:30
Still data is not available for 2021-03-22 00:44:02.014673+05:30
Starting download
Downloading current data 2021-03-22 00:46:02.173101+05:30
Still data is not available for 2021-03-22 00:46:02.173101+05:30
Starting download
Downloading current data 2021-03-22 00:47:02.543489+05:30
Still data is not available for 2021-03-22 00:47:02.543489+05:30
Starting download
Downloading current data 2021-03-22 00:48:02.209052+05:30
exception is  HTTPSConnectionPool(host='testcnamebucket.s3.ap-south-1.amazonaws.com', port=443): Max retries exceeded with url: /EQ220321_CSV.ZIP (Caused by NewConnectionError('<urllib3.connection.VerifiedHTTPSConnection object at 0x7efd84284a58>: Failed to establish a new connection: [Errno -2] Name or service not known',))
Starting download
Starting download
Starting download
Starting download
Starting download
Starting download
Starting download
Starting download
Starting download
Starting download
Starting download
Starting download
Starting download
Starting download
Starting download
Starting download
Starting download
Starting download
Starting download
Starting download
Starting download
Starting download
Starting download
Starting download
Starting download
Starting download
Starting download
Starting download
Starting download
Starting download
Starting download
Starting download
Starting download
Starting download
Starting download
Starting download
Starting download
Starting download
Starting download
Starting download
Starting download
Starting download
Starting download
Starting download
Starting download
Starting download
Starting download
Starting download
Starting download
Starting download
Starting download
Starting download
Starting download
Starting download
Starting download
Starting download
Starting download
Starting download
Starting download
Starting download
Starting download
Starting download
Starting download
Starting download
Starting download
Starting download
Starting download
Starting download
Starting download
Starting download
Starting download
Starting download
Starting download
Starting download
Starting download
Starting download
Starting download
Starting download
Starting download
Starting download
Starting download
Starting download
Starting download
Starting download
Starting download
Starting download
Starting download
Starting download
Starting download
Starting download
Starting download
Starting download
Starting download
Starting download
Starting download
Starting download
Starting download
Starting download
Starting download
Starting download
Starting download
Starting download
Starting download
Starting download
Starting download
Starting download
Starting download
Starting download
Starting download
Starting download
Starting download
Starting download
Starting download
Starting download
Starting download
